<?xml version="1.0" encoding="UTF-8"?>
<!-- Generated by org.testng.reporters.JUnitXMLReporter -->
<testsuite hostname="Nitish3147559" ignored="0" name="Default test" tests="3" failures="0" timestamp="27 Sep 2019 18:53:55 GMT" time="0.045" errors="0">
  <testcase name="verifyTitle" time="0.001" classname="com.Insane.tests.LoginTest"/>
  <testcase name="verifyLoginButtonIsDisabled" time="0.02" classname="com.Insane.tests.LoginTest"/>
  <testcase name="verifyResetButtonPresent" time="0.001" classname="com.Insane.tests.LoginTest"/>
</testsuite> <!-- Default test -->
