<?xml version="1.0" encoding="UTF-8"?>
<testng-results skipped="0" failed="0" ignored="0" total="3" passed="3">
  <reporter-output>
  </reporter-output>
  <suite name="Default suite" duration-ms="45" started-at="2019-09-27T18:53:55Z" finished-at="2019-09-27T18:53:55Z">
    <groups>
    </groups>
    <test name="Default test" duration-ms="45" started-at="2019-09-27T18:53:55Z" finished-at="2019-09-27T18:53:55Z">
      <class name="com.Insane.tests.LoginTest">
        <test-method status="PASS" signature="openBrowser()[pri:0, instance:com.Insane.tests.LoginTest@35a50a4c]" name="openBrowser" is-config="true" duration-ms="6901" started-at="2019-09-27T18:53:48Z" finished-at="2019-09-27T18:53:55Z">
          <reporter-output>
          </reporter-output>
        </test-method> <!-- openBrowser -->
        <test-method status="PASS" signature="verifyTitle()[pri:1, instance:com.Insane.tests.LoginTest@35a50a4c]" name="verifyTitle" duration-ms="1" started-at="2019-09-27T18:53:55Z" description="Verify correct title is displayed." finished-at="2019-09-27T18:53:55Z">
          <reporter-output>
          </reporter-output>
        </test-method> <!-- verifyTitle -->
        <test-method status="PASS" signature="verifyLoginButtonIsDisabled()[pri:2, instance:com.Insane.tests.LoginTest@35a50a4c]" name="verifyLoginButtonIsDisabled" duration-ms="20" started-at="2019-09-27T18:53:55Z" description="Verify login button is disabled." finished-at="2019-09-27T18:53:55Z">
          <reporter-output>
          </reporter-output>
        </test-method> <!-- verifyLoginButtonIsDisabled -->
        <test-method status="PASS" signature="verifyResetButtonPresent()[pri:3, instance:com.Insane.tests.LoginTest@35a50a4c]" name="verifyResetButtonPresent" duration-ms="1" started-at="2019-09-27T18:53:55Z" description="Verify Reset button is present" finished-at="2019-09-27T18:53:55Z">
          <reporter-output>
          </reporter-output>
        </test-method> <!-- verifyResetButtonPresent -->
      </class> <!-- com.Insane.tests.LoginTest -->
    </test> <!-- Default test -->
  </suite> <!-- Default suite -->
</testng-results>
