<?xml version="1.0" encoding="UTF-8"?>
<testsuite xmlns:xsi="http://www.w3.org/2001/XMLSchema-instance" xsi:noNamespaceSchemaLocation="https://maven.apache.org/surefire/maven-surefire-plugin/xsd/surefire-test-report.xsd" name="TestSuite" time="8.792" tests="3" errors="0" skipped="0" failures="0">
  <properties>
[...]
</properties>
  <testcase name="verifyTitle" classname="com.Insane.tests.LoginTest" time="0.005"/>
  <testcase name="verifyLoginButtonIsDisabled" classname="com.Insane.tests.LoginTest" time="0.02"/>
  <testcase name="verifyResetButtonPresent" classname="com.Insane.tests.LoginTest" time="0.001"/>
</testsuite>